[ 2015-09-17T08:51:09+08:00 ] 127.0.0.1 /helloworld/index.php/Home/User/weixin
INFO: [ app_init ] --START--
INFO: Run Behavior\BuildLiteBehavior [ RunTime:0.000000s ]
INFO: [ app_init ] --END-- [ RunTime:0.010000s ]
INFO: [ app_begin ] --START--
INFO: Run Behavior\ReadHtmlCacheBehavior [ RunTime:0.011000s ]
INFO: [ app_begin ] --END-- [ RunTime:0.011000s ]

[ 2015-09-17T08:51:24+08:00 ] 127.0.0.1 /helloworld/index.php/Home/User/weixin
INFO: [ app_init ] --START--
INFO: Run Behavior\BuildLiteBehavior [ RunTime:0.000000s ]
INFO: [ app_init ] --END-- [ RunTime:0.001000s ]
INFO: [ app_begin ] --START--
INFO: Run Behavior\ReadHtmlCacheBehavior [ RunTime:0.000000s ]
INFO: [ app_begin ] --END-- [ RunTime:0.000000s ]
NOTIC: [2] simplexml_load_string(): Entity: line 1: parser error : Start tag expected, '&lt;' not found D:\wamp\www\helloworld\web\Home\Controller\UserController.class.php 第 47 行.
NOTIC: [2] simplexml_load_string(): fsdfsdfsdf D:\wamp\www\helloworld\web\Home\Controller\UserController.class.php 第 47 行.
NOTIC: [2] simplexml_load_string(): ^ D:\wamp\www\helloworld\web\Home\Controller\UserController.class.php 第 47 行.
NOTIC: [8] Trying to get property of non-object D:\wamp\www\helloworld\web\Home\Controller\UserController.class.php 第 48 行.
NOTIC: [8] Trying to get property of non-object D:\wamp\www\helloworld\web\Home\Controller\UserController.class.php 第 49 行.
NOTIC: [8] Trying to get property of non-object D:\wamp\www\helloworld\web\Home\Controller\UserController.class.php 第 50 行.
INFO: [ app_end ] --START--
INFO: Run Behavior\ShowPageTraceBehavior [ RunTime:0.008000s ]
INFO: [ app_end ] --END-- [ RunTime:0.008000s ]

[ 2015-09-17T08:52:03+08:00 ] 127.0.0.1 /helloworld/index.php/Home/User/weixin
INFO: [ app_init ] --START--
INFO: Run Behavior\BuildLiteBehavior [ RunTime:0.000000s ]
INFO: [ app_init ] --END-- [ RunTime:0.000000s ]
INFO: [ app_begin ] --START--
INFO: Run Behavior\ReadHtmlCacheBehavior [ RunTime:0.001000s ]
INFO: [ app_begin ] --END-- [ RunTime:0.001000s ]
NOTIC: [2] simplexml_load_string(): Entity: line 1: parser error : Start tag expected, '&lt;' not found D:\wamp\www\helloworld\web\Home\Controller\UserController.class.php 第 47 行.
NOTIC: [2] simplexml_load_string(): fsdfsdfsdf D:\wamp\www\helloworld\web\Home\Controller\UserController.class.php 第 47 行.
NOTIC: [2] simplexml_load_string(): ^ D:\wamp\www\helloworld\web\Home\Controller\UserController.class.php 第 47 行.
NOTIC: [8] Trying to get property of non-object D:\wamp\www\helloworld\web\Home\Controller\UserController.class.php 第 48 行.
NOTIC: [8] Trying to get property of non-object D:\wamp\www\helloworld\web\Home\Controller\UserController.class.php 第 49 行.
NOTIC: [8] Trying to get property of non-object D:\wamp\www\helloworld\web\Home\Controller\UserController.class.php 第 50 行.
INFO: [ app_end ] --START--
INFO: Run Behavior\ShowPageTraceBehavior [ RunTime:0.002000s ]
INFO: [ app_end ] --END-- [ RunTime:0.002000s ]

[ 2015-09-17T08:52:05+08:00 ] 127.0.0.1 /helloworld/index.php/Home/User/weixin
INFO: [ app_init ] --START--
INFO: Run Behavior\BuildLiteBehavior [ RunTime:0.000000s ]
INFO: [ app_init ] --END-- [ RunTime:0.002000s ]
INFO: [ app_begin ] --START--
INFO: Run Behavior\ReadHtmlCacheBehavior [ RunTime:0.001000s ]
INFO: [ app_begin ] --END-- [ RunTime:0.001000s ]
NOTIC: [2] simplexml_load_string(): Entity: line 1: parser error : Start tag expected, '&lt;' not found D:\wamp\www\helloworld\web\Home\Controller\UserController.class.php 第 47 行.
NOTIC: [2] simplexml_load_string(): fsdfsdfsdf D:\wamp\www\helloworld\web\Home\Controller\UserController.class.php 第 47 行.
NOTIC: [2] simplexml_load_string(): ^ D:\wamp\www\helloworld\web\Home\Controller\UserController.class.php 第 47 行.
NOTIC: [8] Trying to get property of non-object D:\wamp\www\helloworld\web\Home\Controller\UserController.class.php 第 48 行.
NOTIC: [8] Trying to get property of non-object D:\wamp\www\helloworld\web\Home\Controller\UserController.class.php 第 49 行.
NOTIC: [8] Trying to get property of non-object D:\wamp\www\helloworld\web\Home\Controller\UserController.class.php 第 50 行.
INFO: [ app_end ] --START--
INFO: Run Behavior\ShowPageTraceBehavior [ RunTime:0.000000s ]
INFO: [ app_end ] --END-- [ RunTime:0.001000s ]

[ 2015-09-17T08:52:05+08:00 ] 127.0.0.1 /helloworld/index.php/Home/User/weixin
INFO: [ app_init ] --START--
INFO: Run Behavior\BuildLiteBehavior [ RunTime:0.000000s ]
INFO: [ app_init ] --END-- [ RunTime:0.002000s ]
INFO: [ app_begin ] --START--
INFO: Run Behavior\ReadHtmlCacheBehavior [ RunTime:0.001000s ]
INFO: [ app_begin ] --END-- [ RunTime:0.001000s ]
NOTIC: [2] simplexml_load_string(): Entity: line 1: parser error : Start tag expected, '&lt;' not found D:\wamp\www\helloworld\web\Home\Controller\UserController.class.php 第 47 行.
NOTIC: [2] simplexml_load_string(): fsdfsdfsdf D:\wamp\www\helloworld\web\Home\Controller\UserController.class.php 第 47 行.
NOTIC: [2] simplexml_load_string(): ^ D:\wamp\www\helloworld\web\Home\Controller\UserController.class.php 第 47 行.
NOTIC: [8] Trying to get property of non-object D:\wamp\www\helloworld\web\Home\Controller\UserController.class.php 第 48 行.
NOTIC: [8] Trying to get property of non-object D:\wamp\www\helloworld\web\Home\Controller\UserController.class.php 第 49 行.
NOTIC: [8] Trying to get property of non-object D:\wamp\www\helloworld\web\Home\Controller\UserController.class.php 第 50 行.
INFO: [ app_end ] --START--
INFO: Run Behavior\ShowPageTraceBehavior [ RunTime:0.000000s ]
INFO: [ app_end ] --END-- [ RunTime:0.001000s ]

[ 2015-09-17T08:52:05+08:00 ] 127.0.0.1 /helloworld/index.php/Home/User/weixin
INFO: [ app_init ] --START--
INFO: Run Behavior\BuildLiteBehavior [ RunTime:0.000000s ]
INFO: [ app_init ] --END-- [ RunTime:0.000000s ]
INFO: [ app_begin ] --START--
INFO: Run Behavior\ReadHtmlCacheBehavior [ RunTime:0.000000s ]
INFO: [ app_begin ] --END-- [ RunTime:0.000000s ]
NOTIC: [2] simplexml_load_string(): Entity: line 1: parser error : Start tag expected, '&lt;' not found D:\wamp\www\helloworld\web\Home\Controller\UserController.class.php 第 47 行.
NOTIC: [2] simplexml_load_string(): fsdfsdfsdf D:\wamp\www\helloworld\web\Home\Controller\UserController.class.php 第 47 行.
NOTIC: [2] simplexml_load_string(): ^ D:\wamp\www\helloworld\web\Home\Controller\UserController.class.php 第 47 行.
NOTIC: [8] Trying to get property of non-object D:\wamp\www\helloworld\web\Home\Controller\UserController.class.php 第 48 行.
NOTIC: [8] Trying to get property of non-object D:\wamp\www\helloworld\web\Home\Controller\UserController.class.php 第 49 行.
NOTIC: [8] Trying to get property of non-object D:\wamp\www\helloworld\web\Home\Controller\UserController.class.php 第 50 行.
INFO: [ app_end ] --START--
INFO: Run Behavior\ShowPageTraceBehavior [ RunTime:0.000000s ]
INFO: [ app_end ] --END-- [ RunTime:0.000000s ]

[ 2015-09-17T08:52:05+08:00 ] 127.0.0.1 /helloworld/index.php/Home/User/weixin
INFO: [ app_init ] --START--
INFO: Run Behavior\BuildLiteBehavior [ RunTime:0.000000s ]
INFO: [ app_init ] --END-- [ RunTime:0.001000s ]
INFO: [ app_begin ] --START--
INFO: Run Behavior\ReadHtmlCacheBehavior [ RunTime:0.001000s ]
INFO: [ app_begin ] --END-- [ RunTime:0.001000s ]
NOTIC: [2] simplexml_load_string(): Entity: line 1: parser error : Start tag expected, '&lt;' not found D:\wamp\www\helloworld\web\Home\Controller\UserController.class.php 第 47 行.
NOTIC: [2] simplexml_load_string(): fsdfsdfsdf D:\wamp\www\helloworld\web\Home\Controller\UserController.class.php 第 47 行.
NOTIC: [2] simplexml_load_string(): ^ D:\wamp\www\helloworld\web\Home\Controller\UserController.class.php 第 47 行.
NOTIC: [8] Trying to get property of non-object D:\wamp\www\helloworld\web\Home\Controller\UserController.class.php 第 48 行.
NOTIC: [8] Trying to get property of non-object D:\wamp\www\helloworld\web\Home\Controller\UserController.class.php 第 49 行.
NOTIC: [8] Trying to get property of non-object D:\wamp\www\helloworld\web\Home\Controller\UserController.class.php 第 50 行.
INFO: [ app_end ] --START--
INFO: Run Behavior\ShowPageTraceBehavior [ RunTime:0.000000s ]
INFO: [ app_end ] --END-- [ RunTime:0.000000s ]

[ 2015-09-17T08:52:06+08:00 ] 127.0.0.1 /helloworld/index.php/Home/User/weixin
INFO: [ app_init ] --START--
INFO: Run Behavior\BuildLiteBehavior [ RunTime:0.000000s ]
INFO: [ app_init ] --END-- [ RunTime:0.001000s ]
INFO: [ app_begin ] --START--
INFO: Run Behavior\ReadHtmlCacheBehavior [ RunTime:0.000000s ]
INFO: [ app_begin ] --END-- [ RunTime:0.000000s ]
NOTIC: [2] simplexml_load_string(): Entity: line 1: parser error : Start tag expected, '&lt;' not found D:\wamp\www\helloworld\web\Home\Controller\UserController.class.php 第 47 行.
NOTIC: [2] simplexml_load_string(): fsdfsdfsdf D:\wamp\www\helloworld\web\Home\Controller\UserController.class.php 第 47 行.
NOTIC: [2] simplexml_load_string(): ^ D:\wamp\www\helloworld\web\Home\Controller\UserController.class.php 第 47 行.
NOTIC: [8] Trying to get property of non-object D:\wamp\www\helloworld\web\Home\Controller\UserController.class.php 第 48 行.
NOTIC: [8] Trying to get property of non-object D:\wamp\www\helloworld\web\Home\Controller\UserController.class.php 第 49 行.
NOTIC: [8] Trying to get property of non-object D:\wamp\www\helloworld\web\Home\Controller\UserController.class.php 第 50 行.
INFO: [ app_end ] --START--
INFO: Run Behavior\ShowPageTraceBehavior [ RunTime:0.001000s ]
INFO: [ app_end ] --END-- [ RunTime:0.001000s ]

[ 2015-09-17T08:52:06+08:00 ] 127.0.0.1 /helloworld/index.php/Home/User/weixin
INFO: [ app_init ] --START--
INFO: Run Behavior\BuildLiteBehavior [ RunTime:0.000000s ]
INFO: [ app_init ] --END-- [ RunTime:0.000000s ]
INFO: [ app_begin ] --START--
INFO: Run Behavior\ReadHtmlCacheBehavior [ RunTime:0.000000s ]
INFO: [ app_begin ] --END-- [ RunTime:0.000000s ]
NOTIC: [2] simplexml_load_string(): Entity: line 1: parser error : Start tag expected, '&lt;' not found D:\wamp\www\helloworld\web\Home\Controller\UserController.class.php 第 47 行.
NOTIC: [2] simplexml_load_string(): fsdfsdfsdf D:\wamp\www\helloworld\web\Home\Controller\UserController.class.php 第 47 行.
NOTIC: [2] simplexml_load_string(): ^ D:\wamp\www\helloworld\web\Home\Controller\UserController.class.php 第 47 行.
NOTIC: [8] Trying to get property of non-object D:\wamp\www\helloworld\web\Home\Controller\UserController.class.php 第 48 行.
NOTIC: [8] Trying to get property of non-object D:\wamp\www\helloworld\web\Home\Controller\UserController.class.php 第 49 行.
NOTIC: [8] Trying to get property of non-object D:\wamp\www\helloworld\web\Home\Controller\UserController.class.php 第 50 行.
INFO: [ app_end ] --START--
INFO: Run Behavior\ShowPageTraceBehavior [ RunTime:0.000000s ]
INFO: [ app_end ] --END-- [ RunTime:0.001000s ]

[ 2015-09-17T08:52:21+08:00 ] 127.0.0.1 /helloworld/index.php/Home/User/weixin
INFO: [ app_init ] --START--
INFO: Run Behavior\BuildLiteBehavior [ RunTime:0.000000s ]
INFO: [ app_init ] --END-- [ RunTime:0.000000s ]
INFO: [ app_begin ] --START--
INFO: Run Behavior\ReadHtmlCacheBehavior [ RunTime:0.000000s ]
INFO: [ app_begin ] --END-- [ RunTime:0.002000s ]
NOTIC: [2] simplexml_load_string(): Entity: line 1: parser error : Start tag expected, '&lt;' not found D:\wamp\www\helloworld\web\Home\Controller\UserController.class.php 第 47 行.
NOTIC: [2] simplexml_load_string(): 123 D:\wamp\www\helloworld\web\Home\Controller\UserController.class.php 第 47 行.
NOTIC: [2] simplexml_load_string(): ^ D:\wamp\www\helloworld\web\Home\Controller\UserController.class.php 第 47 行.
NOTIC: [8] Trying to get property of non-object D:\wamp\www\helloworld\web\Home\Controller\UserController.class.php 第 48 行.
NOTIC: [8] Trying to get property of non-object D:\wamp\www\helloworld\web\Home\Controller\UserController.class.php 第 49 行.
NOTIC: [8] Trying to get property of non-object D:\wamp\www\helloworld\web\Home\Controller\UserController.class.php 第 50 行.
INFO: [ app_end ] --START--
INFO: Run Behavior\ShowPageTraceBehavior [ RunTime:0.001000s ]
INFO: [ app_end ] --END-- [ RunTime:0.002000s ]

[ 2015-09-17T08:52:39+08:00 ] 127.0.0.1 /helloworld/index.php/Home/User/weixin
INFO: [ app_init ] --START--
INFO: Run Behavior\BuildLiteBehavior [ RunTime:0.000000s ]
INFO: [ app_init ] --END-- [ RunTime:0.000000s ]
INFO: [ app_begin ] --START--
INFO: Run Behavior\ReadHtmlCacheBehavior [ RunTime:0.000000s ]
INFO: [ app_begin ] --END-- [ RunTime:0.000000s ]
NOTIC: [2] simplexml_load_string(): Entity: line 1: parser error : Start tag expected, '&lt;' not found D:\wamp\www\helloworld\web\Home\Controller\UserController.class.php 第 47 行.
NOTIC: [2] simplexml_load_string(): 123 D:\wamp\www\helloworld\web\Home\Controller\UserController.class.php 第 47 行.
NOTIC: [2] simplexml_load_string(): ^ D:\wamp\www\helloworld\web\Home\Controller\UserController.class.php 第 47 行.
NOTIC: [8] Trying to get property of non-object D:\wamp\www\helloworld\web\Home\Controller\UserController.class.php 第 48 行.
NOTIC: [8] Trying to get property of non-object D:\wamp\www\helloworld\web\Home\Controller\UserController.class.php 第 49 行.
NOTIC: [8] Trying to get property of non-object D:\wamp\www\helloworld\web\Home\Controller\UserController.class.php 第 50 行.
INFO: [ app_end ] --START--
INFO: Run Behavior\ShowPageTraceBehavior [ RunTime:0.000000s ]
INFO: [ app_end ] --END-- [ RunTime:0.000000s ]

[ 2015-09-17T09:56:38+08:00 ] 127.0.0.1 /helloworld/index.php/Home/User
INFO: [ app_init ] --START--
INFO: Run Behavior\BuildLiteBehavior [ RunTime:0.000000s ]
INFO: [ app_init ] --END-- [ RunTime:0.001000s ]
INFO: [ app_begin ] --START--
INFO: Run Behavior\ReadHtmlCacheBehavior [ RunTime:0.000000s ]
INFO: [ app_begin ] --END-- [ RunTime:0.001000s ]
INFO: [ view_parse ] --START--
INFO: Run Behavior\ParseTemplateBehavior [ RunTime:0.000000s ]
INFO: [ view_parse ] --END-- [ RunTime:0.000000s ]
INFO: [ view_filter ] --START--
INFO: Run Behavior\WriteHtmlCacheBehavior [ RunTime:0.000000s ]
INFO: [ view_filter ] --END-- [ RunTime:0.000000s ]
INFO: [ app_end ] --START--
INFO: Run Behavior\ShowPageTraceBehavior [ RunTime:0.001000s ]
INFO: [ app_end ] --END-- [ RunTime:0.001000s ]

[ 2015-09-17T09:57:30+08:00 ] 127.0.0.1 /helloworld/index.php/Home/User
INFO: [ app_init ] --START--
INFO: Run Behavior\BuildLiteBehavior [ RunTime:0.000000s ]
INFO: [ app_init ] --END-- [ RunTime:0.001001s ]
INFO: [ app_begin ] --START--
INFO: Run Behavior\ReadHtmlCacheBehavior [ RunTime:0.001000s ]
INFO: [ app_begin ] --END-- [ RunTime:0.001000s ]
INFO: [ view_parse ] --START--
INFO: Run Behavior\ParseTemplateBehavior [ RunTime:0.001001s ]
INFO: [ view_parse ] --END-- [ RunTime:0.001001s ]
INFO: [ view_filter ] --START--
INFO: Run Behavior\WriteHtmlCacheBehavior [ RunTime:0.000000s ]
INFO: [ view_filter ] --END-- [ RunTime:0.000000s ]
INFO: [ app_end ] --START--
INFO: Run Behavior\ShowPageTraceBehavior [ RunTime:0.001000s ]
INFO: [ app_end ] --END-- [ RunTime:0.001000s ]

[ 2015-09-17T09:58:07+08:00 ] 127.0.0.1 /helloworld/index.php/Home/User
INFO: [ app_init ] --START--
INFO: Run Behavior\BuildLiteBehavior [ RunTime:0.000000s ]
INFO: [ app_init ] --END-- [ RunTime:0.002001s ]
INFO: [ app_begin ] --START--
INFO: Run Behavior\ReadHtmlCacheBehavior [ RunTime:0.001000s ]
INFO: [ app_begin ] --END-- [ RunTime:0.001000s ]
ERR: Think\Controller:trace方法不存在！

[ 2015-09-17T09:59:03+08:00 ] 127.0.0.1 /helloworld/index.php/Home/User
INFO: [ app_init ] --START--
INFO: Run Behavior\BuildLiteBehavior [ RunTime:0.000000s ]
INFO: [ app_init ] --END-- [ RunTime:0.001000s ]
INFO: [ app_begin ] --START--
INFO: Run Behavior\ReadHtmlCacheBehavior [ RunTime:0.001000s ]
INFO: [ app_begin ] --END-- [ RunTime:0.001000s ]

[ 2015-09-17T10:28:34+08:00 ] 127.0.0.1 /helloworld/index.php/Home/User/weixin
INFO: [ app_init ] --START--
INFO: Run Behavior\BuildLiteBehavior [ RunTime:0.000000s ]
INFO: [ app_init ] --END-- [ RunTime:0.001000s ]
INFO: [ app_begin ] --START--
INFO: Run Behavior\ReadHtmlCacheBehavior [ RunTime:0.001000s ]
INFO: [ app_begin ] --END-- [ RunTime:0.002000s ]
ERR: 非法操作:weixin

[ 2015-09-17T10:28:52+08:00 ] 127.0.0.1 /helloworld/index.php/Home/User/weixin
INFO: [ app_init ] --START--
INFO: Run Behavior\BuildLiteBehavior [ RunTime:0.000000s ]
INFO: [ app_init ] --END-- [ RunTime:0.002000s ]
INFO: [ app_begin ] --START--
INFO: Run Behavior\ReadHtmlCacheBehavior [ RunTime:0.001000s ]
INFO: [ app_begin ] --END-- [ RunTime:0.001000s ]
ERR: 123
NOTIC: [2] simplexml_load_string(): Entity: line 1: parser error : Start tag expected, '&lt;' not found D:\wamp\www\helloworld\web\Home\Controller\UserController.class.php 第 45 行.
NOTIC: [2] simplexml_load_string(): 123 D:\wamp\www\helloworld\web\Home\Controller\UserController.class.php 第 45 行.
NOTIC: [2] simplexml_load_string(): ^ D:\wamp\www\helloworld\web\Home\Controller\UserController.class.php 第 45 行.
NOTIC: [8] Trying to get property of non-object D:\wamp\www\helloworld\web\Home\Controller\UserController.class.php 第 46 行.
NOTIC: [8] Trying to get property of non-object D:\wamp\www\helloworld\web\Home\Controller\UserController.class.php 第 47 行.
NOTIC: [8] Trying to get property of non-object D:\wamp\www\helloworld\web\Home\Controller\UserController.class.php 第 48 行.
INFO: [ app_end ] --START--
INFO: Run Behavior\ShowPageTraceBehavior [ RunTime:0.001000s ]
INFO: [ app_end ] --END-- [ RunTime:0.001000s ]

[ 2015-09-17T10:30:34+08:00 ] 127.0.0.1 /helloworld/index.php/Home/User/weixintest
ERR: 123
[ 2015-09-17T10:30:34+08:00 ] 127.0.0.1 /helloworld/index.php/Home/User/weixintest
INFO: [ app_init ] --START--
INFO: Run Behavior\BuildLiteBehavior [ RunTime:0.000000s ]
INFO: [ app_init ] --END-- [ RunTime:0.000000s ]
INFO: [ app_begin ] --START--
INFO: Run Behavior\ReadHtmlCacheBehavior [ RunTime:0.000000s ]
INFO: [ app_begin ] --END-- [ RunTime:0.001000s ]
NOTIC: [2] simplexml_load_string(): Entity: line 1: parser error : Start tag expected, '&lt;' not found D:\wamp\www\helloworld\web\Home\Controller\UserController.class.php 第 45 行.
NOTIC: [2] simplexml_load_string(): 123 D:\wamp\www\helloworld\web\Home\Controller\UserController.class.php 第 45 行.
NOTIC: [2] simplexml_load_string(): ^ D:\wamp\www\helloworld\web\Home\Controller\UserController.class.php 第 45 行.
NOTIC: [8] Trying to get property of non-object D:\wamp\www\helloworld\web\Home\Controller\UserController.class.php 第 46 行.
NOTIC: [8] Trying to get property of non-object D:\wamp\www\helloworld\web\Home\Controller\UserController.class.php 第 47 行.
NOTIC: [8] Trying to get property of non-object D:\wamp\www\helloworld\web\Home\Controller\UserController.class.php 第 48 行.
INFO: [ app_end ] --START--
INFO: Run Behavior\ShowPageTraceBehavior [ RunTime:0.000000s ]
INFO: [ app_end ] --END-- [ RunTime:0.001000s ]

[ 2015-09-17T10:40:00+08:00 ] 127.0.0.1 /helloworld/index.php/Home/User/weixintest
ERR: 123
[ 2015-09-17T10:40:00+08:00 ] 127.0.0.1 /helloworld/index.php/Home/User/weixintest
ERR: 123
[ 2015-09-17T10:40:00+08:00 ] 127.0.0.1 /helloworld/index.php/Home/User/weixintest
INFO: [ app_init ] --START--
INFO: Run Behavior\BuildLiteBehavior [ RunTime:0.001000s ]
INFO: [ app_init ] --END-- [ RunTime:0.001000s ]
INFO: [ app_begin ] --START--
INFO: Run Behavior\ReadHtmlCacheBehavior [ RunTime:0.001000s ]
INFO: [ app_begin ] --END-- [ RunTime:0.001000s ]
NOTIC: [2] simplexml_load_string(): Entity: line 1: parser error : Start tag expected, '&lt;' not found D:\wamp\www\helloworld\web\Home\Controller\UserController.class.php 第 47 行.
NOTIC: [2] simplexml_load_string(): 123 D:\wamp\www\helloworld\web\Home\Controller\UserController.class.php 第 47 行.
NOTIC: [2] simplexml_load_string(): ^ D:\wamp\www\helloworld\web\Home\Controller\UserController.class.php 第 47 行.
NOTIC: [8] Trying to get property of non-object D:\wamp\www\helloworld\web\Home\Controller\UserController.class.php 第 48 行.
NOTIC: [8] Trying to get property of non-object D:\wamp\www\helloworld\web\Home\Controller\UserController.class.php 第 49 行.
NOTIC: [8] Trying to get property of non-object D:\wamp\www\helloworld\web\Home\Controller\UserController.class.php 第 50 行.
INFO: [ app_end ] --START--
INFO: Run Behavior\ShowPageTraceBehavior [ RunTime:0.000000s ]
INFO: [ app_end ] --END-- [ RunTime:0.001000s ]

[ 2015-09-17T10:41:41+08:00 ] 127.0.0.1 /helloworld/index.php/Home/User/weixintest
ERR: think123
[ 2015-09-17T10:41:41+08:00 ] 127.0.0.1 /helloworld/index.php/Home/User/weixintest
ERR: default123
[ 2015-09-17T10:41:41+08:00 ] 127.0.0.1 /helloworld/index.php/Home/User/weixintest
INFO: [ app_init ] --START--
INFO: Run Behavior\BuildLiteBehavior [ RunTime:0.000000s ]
INFO: [ app_init ] --END-- [ RunTime:0.001000s ]
INFO: [ app_begin ] --START--
INFO: Run Behavior\ReadHtmlCacheBehavior [ RunTime:0.001000s ]
INFO: [ app_begin ] --END-- [ RunTime:0.001000s ]
NOTIC: [2] simplexml_load_string(): Entity: line 1: parser error : Start tag expected, '&lt;' not found D:\wamp\www\helloworld\web\Home\Controller\UserController.class.php 第 47 行.
NOTIC: [2] simplexml_load_string(): 123 D:\wamp\www\helloworld\web\Home\Controller\UserController.class.php 第 47 行.
NOTIC: [2] simplexml_load_string(): ^ D:\wamp\www\helloworld\web\Home\Controller\UserController.class.php 第 47 行.
NOTIC: [8] Trying to get property of non-object D:\wamp\www\helloworld\web\Home\Controller\UserController.class.php 第 48 行.
NOTIC: [8] Trying to get property of non-object D:\wamp\www\helloworld\web\Home\Controller\UserController.class.php 第 49 行.
NOTIC: [8] Trying to get property of non-object D:\wamp\www\helloworld\web\Home\Controller\UserController.class.php 第 50 行.
INFO: [ app_end ] --START--
INFO: Run Behavior\ShowPageTraceBehavior [ RunTime:0.002000s ]
INFO: [ app_end ] --END-- [ RunTime:0.002000s ]

[ 2015-09-17T13:38:23+08:00 ] 127.0.0.1 /helloworld/index.php/Home/User/weixintest
ERR: think<xml><ToUserName><![CDATA[gh_30d8ef4a6a74]]></ToUserName>
<FromUserName><![CDATA[oUZH8t65--vvBoQVHchyTRbktBnw]]></FromUserName>
<CreateTime>1442462016</CreateTime>
<MsgType><![CDATA[text]]></MsgType>
<Content><![CDATA[锛焆]></Content>
<MsgId>6195327184654823141</MsgId>
</xml>
[ 2015-09-17T13:38:23+08:00 ] 127.0.0.1 /helloworld/index.php/Home/User/weixintest
ERR: default&lt;xml&gt;&lt;ToUserName&gt;&lt;![CDATA[gh_30d8ef4a6a74]]&gt;&lt;/ToUserName&gt;
&lt;FromUserName&gt;&lt;![CDATA[oUZH8t65--vvBoQVHchyTRbktBnw]]&gt;&lt;/FromUserName&gt;
&lt;CreateTime&gt;1442462016&lt;/CreateTime&gt;
&lt;MsgType&gt;&lt;![CDATA[text]]&gt;&lt;/MsgType&gt;
&lt;Content&gt;&lt;![CDATA[锛焆]&gt;&lt;/Content&gt;
&lt;MsgId&gt;6195327184654823141&lt;/MsgId&gt;
&lt;/xml&gt;
[ 2015-09-17T13:38:23+08:00 ] 127.0.0.1 /helloworld/index.php/Home/User/weixintest
INFO: [ app_init ] --START--
INFO: Run Behavior\BuildLiteBehavior [ RunTime:0.000000s ]
INFO: [ app_init ] --END-- [ RunTime:0.000000s ]
INFO: [ app_begin ] --START--
INFO: Run Behavior\ReadHtmlCacheBehavior [ RunTime:0.001000s ]
INFO: [ app_begin ] --END-- [ RunTime:0.001000s ]
NOTIC: [2] simplexml_load_string(): Entity: line 7: parser error : CData section not finished
锛焆]&gt;&lt;/Content&gt;
&lt;MsgId&gt;6195327184654823141&lt;/Msg D:\wamp\www\helloworld\web\Home\Controller\UserController.class.php 第 47 行.
NOTIC: [2] simplexml_load_string(): &lt;/xml&gt; D:\wamp\www\helloworld\web\Home\Controller\UserController.class.php 第 47 行.
NOTIC: [2] simplexml_load_string():       ^ D:\wamp\www\helloworld\web\Home\Controller\UserController.class.php 第 47 行.
NOTIC: [2] simplexml_load_string(): Entity: line 7: parser error : Premature end of data in tag Content line 5 D:\wamp\www\helloworld\web\Home\Controller\UserController.class.php 第 47 行.
NOTIC: [2] simplexml_load_string(): &lt;/xml&gt; D:\wamp\www\helloworld\web\Home\Controller\UserController.class.php 第 47 行.
NOTIC: [2] simplexml_load_string():       ^ D:\wamp\www\helloworld\web\Home\Controller\UserController.class.php 第 47 行.
NOTIC: [2] simplexml_load_string(): Entity: line 7: parser error : Premature end of data in tag xml line 1 D:\wamp\www\helloworld\web\Home\Controller\UserController.class.php 第 47 行.
NOTIC: [2] simplexml_load_string(): &lt;/xml&gt; D:\wamp\www\helloworld\web\Home\Controller\UserController.class.php 第 47 行.
NOTIC: [2] simplexml_load_string():       ^ D:\wamp\www\helloworld\web\Home\Controller\UserController.class.php 第 47 行.
NOTIC: [8] Trying to get property of non-object D:\wamp\www\helloworld\web\Home\Controller\UserController.class.php 第 48 行.
NOTIC: [8] Trying to get property of non-object D:\wamp\www\helloworld\web\Home\Controller\UserController.class.php 第 49 行.
NOTIC: [8] Trying to get property of non-object D:\wamp\www\helloworld\web\Home\Controller\UserController.class.php 第 50 行.
INFO: [ app_end ] --START--
INFO: Run Behavior\ShowPageTraceBehavior [ RunTime:0.001000s ]
INFO: [ app_end ] --END-- [ RunTime:0.001000s ]

[ 2015-09-17T13:46:09+08:00 ] 127.0.0.1 /helloworld/index.php/Home/User/weixintest
ERR: think<xml><ToUserName><![CDATA[gh_30d8ef4a6a74]]></ToUserName>
<FromUserName><![CDATA[oUZH8t65--vvBoQVHchyTRbktBnw]]></FromUserName>
<CreateTime>1442462016</CreateTime>
<MsgType><![CDATA[text]]></MsgType>
<Content><![CDATA[锛焆]></Content>
<MsgId>6195327184654823141</MsgId>
</xml>
[ 2015-09-17T13:46:10+08:00 ] 127.0.0.1 /helloworld/index.php/Home/User/weixintest
ERR: default<xml><ToUserName><![CDATA[gh_30d8ef4a6a74]]></ToUserName>
<FromUserName><![CDATA[oUZH8t65--vvBoQVHchyTRbktBnw]]></FromUserName>
<CreateTime>1442462016</CreateTime>
<MsgType><![CDATA[text]]></MsgType>
<Content><![CDATA[锛焆]></Content>
<MsgId>6195327184654823141</MsgId>
</xml>
[ 2015-09-17T13:46:10+08:00 ] 127.0.0.1 /helloworld/index.php/Home/User/weixintest
INFO: [ app_init ] --START--
INFO: Run Behavior\BuildLiteBehavior [ RunTime:0.000000s ]
INFO: [ app_init ] --END-- [ RunTime:0.000000s ]
INFO: [ app_begin ] --START--
INFO: Run Behavior\ReadHtmlCacheBehavior [ RunTime:0.000000s ]
INFO: [ app_begin ] --END-- [ RunTime:0.001000s ]
NOTIC: [2] simplexml_load_string(): Entity: line 7: parser error : CData section not finished
锛焆]&gt;&lt;/Content&gt;
&lt;MsgId&gt;6195327184654823141&lt;/Msg D:\wamp\www\helloworld\web\Home\Controller\UserController.class.php 第 48 行.
NOTIC: [2] simplexml_load_string(): &lt;/xml&gt; D:\wamp\www\helloworld\web\Home\Controller\UserController.class.php 第 48 行.
NOTIC: [2] simplexml_load_string():       ^ D:\wamp\www\helloworld\web\Home\Controller\UserController.class.php 第 48 行.
NOTIC: [2] simplexml_load_string(): Entity: line 7: parser error : Premature end of data in tag Content line 5 D:\wamp\www\helloworld\web\Home\Controller\UserController.class.php 第 48 行.
NOTIC: [2] simplexml_load_string(): &lt;/xml&gt; D:\wamp\www\helloworld\web\Home\Controller\UserController.class.php 第 48 行.
NOTIC: [2] simplexml_load_string():       ^ D:\wamp\www\helloworld\web\Home\Controller\UserController.class.php 第 48 行.
NOTIC: [2] simplexml_load_string(): Entity: line 7: parser error : Premature end of data in tag xml line 1 D:\wamp\www\helloworld\web\Home\Controller\UserController.class.php 第 48 行.
NOTIC: [2] simplexml_load_string(): &lt;/xml&gt; D:\wamp\www\helloworld\web\Home\Controller\UserController.class.php 第 48 行.
NOTIC: [2] simplexml_load_string():       ^ D:\wamp\www\helloworld\web\Home\Controller\UserController.class.php 第 48 行.
NOTIC: [8] Trying to get property of non-object D:\wamp\www\helloworld\web\Home\Controller\UserController.class.php 第 49 行.
NOTIC: [8] Trying to get property of non-object D:\wamp\www\helloworld\web\Home\Controller\UserController.class.php 第 50 行.
NOTIC: [8] Trying to get property of non-object D:\wamp\www\helloworld\web\Home\Controller\UserController.class.php 第 51 行.
INFO: [ app_end ] --START--
INFO: Run Behavior\ShowPageTraceBehavior [ RunTime:0.000000s ]
INFO: [ app_end ] --END-- [ RunTime:0.001000s ]

[ 2015-09-17T15:17:28+08:00 ] 127.0.0.1 /helloworld/index.php/Home/User/weixintest
INFO: [ app_init ] --START--
INFO: Run Behavior\BuildLiteBehavior [ RunTime:0.000000s ]
INFO: [ app_init ] --END-- [ RunTime:0.001000s ]
INFO: [ app_begin ] --START--
INFO: Run Behavior\ReadHtmlCacheBehavior [ RunTime:0.001000s ]
INFO: [ app_begin ] --END-- [ RunTime:0.001000s ]
NOTIC: [2] simplexml_load_string(): Entity: line 7: parser error : CData section not finished
锛焆]&gt;&lt;/Content&gt;
&lt;MsgId&gt;6195327184654823141&lt;/Msg D:\wamp\www\helloworld\web\Home\Controller\UserController.class.php 第 45 行.
NOTIC: [2] simplexml_load_string(): &lt;/xml&gt; D:\wamp\www\helloworld\web\Home\Controller\UserController.class.php 第 45 行.
NOTIC: [2] simplexml_load_string():       ^ D:\wamp\www\helloworld\web\Home\Controller\UserController.class.php 第 45 行.
NOTIC: [2] simplexml_load_string(): Entity: line 7: parser error : Premature end of data in tag Content line 5 D:\wamp\www\helloworld\web\Home\Controller\UserController.class.php 第 45 行.
NOTIC: [2] simplexml_load_string(): &lt;/xml&gt; D:\wamp\www\helloworld\web\Home\Controller\UserController.class.php 第 45 行.
NOTIC: [2] simplexml_load_string():       ^ D:\wamp\www\helloworld\web\Home\Controller\UserController.class.php 第 45 行.
NOTIC: [2] simplexml_load_string(): Entity: line 7: parser error : Premature end of data in tag xml line 1 D:\wamp\www\helloworld\web\Home\Controller\UserController.class.php 第 45 行.
NOTIC: [2] simplexml_load_string(): &lt;/xml&gt; D:\wamp\www\helloworld\web\Home\Controller\UserController.class.php 第 45 行.
NOTIC: [2] simplexml_load_string():       ^ D:\wamp\www\helloworld\web\Home\Controller\UserController.class.php 第 45 行.
NOTIC: [8] Trying to get property of non-object D:\wamp\www\helloworld\web\Home\Controller\UserController.class.php 第 46 行.
NOTIC: [8] Trying to get property of non-object D:\wamp\www\helloworld\web\Home\Controller\UserController.class.php 第 47 行.
NOTIC: [8] Trying to get property of non-object D:\wamp\www\helloworld\web\Home\Controller\UserController.class.php 第 48 行.
INFO: [ app_end ] --START--
INFO: Run Behavior\ShowPageTraceBehavior [ RunTime:0.000000s ]
INFO: [ app_end ] --END-- [ RunTime:0.001000s ]

[ 2015-09-17T15:17:46+08:00 ] 127.0.0.1 /helloworld/index.php/Home/User/weixintest
INFO: [ app_init ] --START--
INFO: Run Behavior\BuildLiteBehavior [ RunTime:0.000000s ]
INFO: [ app_init ] --END-- [ RunTime:0.002000s ]
INFO: [ app_begin ] --START--
INFO: Run Behavior\ReadHtmlCacheBehavior [ RunTime:0.001000s ]
INFO: [ app_begin ] --END-- [ RunTime:0.001000s ]
NOTIC: [2] simplexml_load_string(): Entity: line 7: parser error : CData section not finished
锛焆]&gt;&lt;/Content&gt;
&lt;MsgId&gt;6195327184654823141&lt;/Msg D:\wamp\www\helloworld\web\Home\Controller\UserController.class.php 第 45 行.
NOTIC: [2] simplexml_load_string(): &lt;/xml&gt; D:\wamp\www\helloworld\web\Home\Controller\UserController.class.php 第 45 行.
NOTIC: [2] simplexml_load_string():       ^ D:\wamp\www\helloworld\web\Home\Controller\UserController.class.php 第 45 行.
NOTIC: [2] simplexml_load_string(): Entity: line 7: parser error : Premature end of data in tag Content line 5 D:\wamp\www\helloworld\web\Home\Controller\UserController.class.php 第 45 行.
NOTIC: [2] simplexml_load_string(): &lt;/xml&gt; D:\wamp\www\helloworld\web\Home\Controller\UserController.class.php 第 45 行.
NOTIC: [2] simplexml_load_string():       ^ D:\wamp\www\helloworld\web\Home\Controller\UserController.class.php 第 45 行.
NOTIC: [2] simplexml_load_string(): Entity: line 7: parser error : Premature end of data in tag xml line 1 D:\wamp\www\helloworld\web\Home\Controller\UserController.class.php 第 45 行.
NOTIC: [2] simplexml_load_string(): &lt;/xml&gt; D:\wamp\www\helloworld\web\Home\Controller\UserController.class.php 第 45 行.
NOTIC: [2] simplexml_load_string():       ^ D:\wamp\www\helloworld\web\Home\Controller\UserController.class.php 第 45 行.
NOTIC: [8] Trying to get property of non-object D:\wamp\www\helloworld\web\Home\Controller\UserController.class.php 第 46 行.
NOTIC: [8] Trying to get property of non-object D:\wamp\www\helloworld\web\Home\Controller\UserController.class.php 第 47 行.
NOTIC: [8] Trying to get property of non-object D:\wamp\www\helloworld\web\Home\Controller\UserController.class.php 第 48 行.
INFO: [ app_end ] --START--
INFO: Run Behavior\ShowPageTraceBehavior [ RunTime:0.000000s ]
INFO: [ app_end ] --END-- [ RunTime:0.001000s ]

[ 2015-09-17T15:17:58+08:00 ] 127.0.0.1 /helloworld/index.php/Home/User/weixintest
INFO: [ app_init ] --START--
INFO: Run Behavior\BuildLiteBehavior [ RunTime:0.000000s ]
INFO: [ app_init ] --END-- [ RunTime:0.001000s ]
INFO: [ app_begin ] --START--
INFO: Run Behavior\ReadHtmlCacheBehavior [ RunTime:0.000000s ]
INFO: [ app_begin ] --END-- [ RunTime:0.001000s ]
NOTIC: [2] simplexml_load_string(): Entity: line 7: parser error : CData section not finished
?]&gt;&lt;/Content&gt;
&lt;MsgId&gt;6195327184654823141&lt;/MsgId&gt;
&lt; D:\wamp\www\helloworld\web\Home\Controller\UserController.class.php 第 45 行.
NOTIC: [2] simplexml_load_string(): &lt;/xml&gt; D:\wamp\www\helloworld\web\Home\Controller\UserController.class.php 第 45 行.
NOTIC: [2] simplexml_load_string():       ^ D:\wamp\www\helloworld\web\Home\Controller\UserController.class.php 第 45 行.
NOTIC: [2] simplexml_load_string(): Entity: line 7: parser error : Premature end of data in tag Content line 5 D:\wamp\www\helloworld\web\Home\Controller\UserController.class.php 第 45 行.
NOTIC: [2] simplexml_load_string(): &lt;/xml&gt; D:\wamp\www\helloworld\web\Home\Controller\UserController.class.php 第 45 行.
NOTIC: [2] simplexml_load_string():       ^ D:\wamp\www\helloworld\web\Home\Controller\UserController.class.php 第 45 行.
NOTIC: [2] simplexml_load_string(): Entity: line 7: parser error : Premature end of data in tag xml line 1 D:\wamp\www\helloworld\web\Home\Controller\UserController.class.php 第 45 行.
NOTIC: [2] simplexml_load_string(): &lt;/xml&gt; D:\wamp\www\helloworld\web\Home\Controller\UserController.class.php 第 45 行.
NOTIC: [2] simplexml_load_string():       ^ D:\wamp\www\helloworld\web\Home\Controller\UserController.class.php 第 45 行.
NOTIC: [8] Trying to get property of non-object D:\wamp\www\helloworld\web\Home\Controller\UserController.class.php 第 46 行.
NOTIC: [8] Trying to get property of non-object D:\wamp\www\helloworld\web\Home\Controller\UserController.class.php 第 47 行.
NOTIC: [8] Trying to get property of non-object D:\wamp\www\helloworld\web\Home\Controller\UserController.class.php 第 48 行.
INFO: [ app_end ] --START--
INFO: Run Behavior\ShowPageTraceBehavior [ RunTime:0.000000s ]
INFO: [ app_end ] --END-- [ RunTime:0.002001s ]

[ 2015-09-17T15:18:44+08:00 ] 127.0.0.1 /helloworld/index.php/Home/User/weixintest
ERR: <item>
		    			<Title><![CDATA[[苹果产品信息查询]]></Title>
		    			<Description><![CDATA[序列号：USE IMEI NUMBER
            				IMEI号：358031058974471
            				设备名称：iPhone 5C
            				设备颜色：
            				设备容量：
            				激活状态：已激活
            				电话支持：未过期[2014-01-13]
            				硬件保修：未过期[2014-10-14]
            				生产工厂：中国]]></Description>
		    			<PicUrl><![CDATA[http://www.doucube.com/weixin/weather/icon/banner.jpg]]></PicUrl>
		    			<Url><![CDATA[]]></Url>
	    			</item>
[ 2015-09-17T15:18:44+08:00 ] 127.0.0.1 /helloworld/index.php/Home/User/weixintest
INFO: [ app_init ] --START--
INFO: Run Behavior\BuildLiteBehavior [ RunTime:0.000000s ]
INFO: [ app_init ] --END-- [ RunTime:0.001000s ]
INFO: [ app_begin ] --START--
INFO: Run Behavior\ReadHtmlCacheBehavior [ RunTime:0.001000s ]
INFO: [ app_begin ] --END-- [ RunTime:0.001000s ]
NOTIC: [2] simplexml_load_string(): Entity: line 7: parser error : CData section not finished
?]&gt;&lt;/Content&gt;
&lt;MsgId&gt;6195327184654823141&lt;/MsgId&gt;
&lt; D:\wamp\www\helloworld\web\Home\Controller\UserController.class.php 第 45 行.
NOTIC: [2] simplexml_load_string(): &lt;/xml&gt; D:\wamp\www\helloworld\web\Home\Controller\UserController.class.php 第 45 行.
NOTIC: [2] simplexml_load_string():       ^ D:\wamp\www\helloworld\web\Home\Controller\UserController.class.php 第 45 行.
NOTIC: [2] simplexml_load_string(): Entity: line 7: parser error : Premature end of data in tag Content line 5 D:\wamp\www\helloworld\web\Home\Controller\UserController.class.php 第 45 行.
NOTIC: [2] simplexml_load_string(): &lt;/xml&gt; D:\wamp\www\helloworld\web\Home\Controller\UserController.class.php 第 45 行.
NOTIC: [2] simplexml_load_string():       ^ D:\wamp\www\helloworld\web\Home\Controller\UserController.class.php 第 45 行.
NOTIC: [2] simplexml_load_string(): Entity: line 7: parser error : Premature end of data in tag xml line 1 D:\wamp\www\helloworld\web\Home\Controller\UserController.class.php 第 45 行.
NOTIC: [2] simplexml_load_string(): &lt;/xml&gt; D:\wamp\www\helloworld\web\Home\Controller\UserController.class.php 第 45 行.
NOTIC: [2] simplexml_load_string():       ^ D:\wamp\www\helloworld\web\Home\Controller\UserController.class.php 第 45 行.
NOTIC: [8] Trying to get property of non-object D:\wamp\www\helloworld\web\Home\Controller\UserController.class.php 第 46 行.
NOTIC: [8] Trying to get property of non-object D:\wamp\www\helloworld\web\Home\Controller\UserController.class.php 第 47 行.
NOTIC: [8] Trying to get property of non-object D:\wamp\www\helloworld\web\Home\Controller\UserController.class.php 第 48 行.
INFO: [ app_end ] --START--
INFO: Run Behavior\ShowPageTraceBehavior [ RunTime:0.001000s ]
INFO: [ app_end ] --END-- [ RunTime:0.001000s ]

[ 2015-09-17T15:19:39+08:00 ] 127.0.0.1 /helloworld/index.php/Home/User/weixintest
ERR: <item>
		    			<Title><![CDATA[[苹果产品信息查询]]></Title>
		    			<Description><![CDATA[序列号：USE IMEI NUMBER
            				IMEI号：358031058974471
            				设备名称：iPhone 5C
            				设备颜色：
            				设备容量：
            				激活状态：已激活
            				电话支持：未过期[2014-01-13]
            				硬件保修：未过期[2014-10-14]
            				生产工厂：中国]]></Description>
		    			<PicUrl><![CDATA[http://www.doucube.com/weixin/weather/icon/banner.jpg]]></PicUrl>
		    			<Url><![CDATA[]]></Url>
	    			</item>
[ 2015-09-17T15:19:39+08:00 ] 127.0.0.1 /helloworld/index.php/Home/User/weixintest
ERR: <xml>
                        <ToUserName><![CDATA[%s]]></ToUserName>
                        <FromUserName><![CDATA[%s]]></FromUserName>
                        <CreateTime>%s</CreateTime>
                        <MsgType><![CDATA[%s]]></MsgType>
                        <Content><![CDATA[%s]]></Content>
                        <FuncFlag>0</FuncFlag>
                        </xml>
[ 2015-09-17T15:19:39+08:00 ] 127.0.0.1 /helloworld/index.php/Home/User/weixintest
INFO: [ app_init ] --START--
INFO: Run Behavior\BuildLiteBehavior [ RunTime:0.000000s ]
INFO: [ app_init ] --END-- [ RunTime:0.001000s ]
INFO: [ app_begin ] --START--
INFO: Run Behavior\ReadHtmlCacheBehavior [ RunTime:0.002000s ]
INFO: [ app_begin ] --END-- [ RunTime:0.003000s ]
NOTIC: [2] simplexml_load_string(): Entity: line 7: parser error : CData section not finished
?]&gt;&lt;/Content&gt;
&lt;MsgId&gt;6195327184654823141&lt;/MsgId&gt;
&lt; D:\wamp\www\helloworld\web\Home\Controller\UserController.class.php 第 45 行.
NOTIC: [2] simplexml_load_string(): &lt;/xml&gt; D:\wamp\www\helloworld\web\Home\Controller\UserController.class.php 第 45 行.
NOTIC: [2] simplexml_load_string():       ^ D:\wamp\www\helloworld\web\Home\Controller\UserController.class.php 第 45 行.
NOTIC: [2] simplexml_load_string(): Entity: line 7: parser error : Premature end of data in tag Content line 5 D:\wamp\www\helloworld\web\Home\Controller\UserController.class.php 第 45 行.
NOTIC: [2] simplexml_load_string(): &lt;/xml&gt; D:\wamp\www\helloworld\web\Home\Controller\UserController.class.php 第 45 行.
NOTIC: [2] simplexml_load_string():       ^ D:\wamp\www\helloworld\web\Home\Controller\UserController.class.php 第 45 行.
NOTIC: [2] simplexml_load_string(): Entity: line 7: parser error : Premature end of data in tag xml line 1 D:\wamp\www\helloworld\web\Home\Controller\UserController.class.php 第 45 行.
NOTIC: [2] simplexml_load_string(): &lt;/xml&gt; D:\wamp\www\helloworld\web\Home\Controller\UserController.class.php 第 45 行.
NOTIC: [2] simplexml_load_string():       ^ D:\wamp\www\helloworld\web\Home\Controller\UserController.class.php 第 45 行.
NOTIC: [8] Trying to get property of non-object D:\wamp\www\helloworld\web\Home\Controller\UserController.class.php 第 46 行.
NOTIC: [8] Trying to get property of non-object D:\wamp\www\helloworld\web\Home\Controller\UserController.class.php 第 47 行.
NOTIC: [8] Trying to get property of non-object D:\wamp\www\helloworld\web\Home\Controller\UserController.class.php 第 48 行.
INFO: [ app_end ] --START--
INFO: Run Behavior\ShowPageTraceBehavior [ RunTime:0.001000s ]
INFO: [ app_end ] --END-- [ RunTime:0.001000s ]

[ 2015-09-17T15:46:18+08:00 ] 127.0.0.1 /helloworld/index.php/Home/User/weixintest
ERR: 
[ 2015-09-17T15:46:18+08:00 ] 127.0.0.1 /helloworld/index.php/Home/User/weixintest
INFO: [ app_init ] --START--
INFO: Run Behavior\BuildLiteBehavior [ RunTime:0.000000s ]
INFO: [ app_init ] --END-- [ RunTime:0.000000s ]
INFO: [ app_begin ] --START--
INFO: Run Behavior\ReadHtmlCacheBehavior [ RunTime:0.001000s ]
INFO: [ app_begin ] --END-- [ RunTime:0.001000s ]
NOTIC: [2] simplexml_load_string(): Entity: line 7: parser error : CData section not finished
123]&gt;&lt;/Content&gt;
&lt;MsgId&gt;6195327184654823141&lt;/MsgId&gt; D:\wamp\www\helloworld\web\Home\Controller\UserController.class.php 第 45 行.
NOTIC: [2] simplexml_load_string(): &lt;/xml&gt; D:\wamp\www\helloworld\web\Home\Controller\UserController.class.php 第 45 行.
NOTIC: [2] simplexml_load_string():       ^ D:\wamp\www\helloworld\web\Home\Controller\UserController.class.php 第 45 行.
NOTIC: [2] simplexml_load_string(): Entity: line 7: parser error : Premature end of data in tag Content line 5 D:\wamp\www\helloworld\web\Home\Controller\UserController.class.php 第 45 行.
NOTIC: [2] simplexml_load_string(): &lt;/xml&gt; D:\wamp\www\helloworld\web\Home\Controller\UserController.class.php 第 45 行.
NOTIC: [2] simplexml_load_string():       ^ D:\wamp\www\helloworld\web\Home\Controller\UserController.class.php 第 45 行.
NOTIC: [2] simplexml_load_string(): Entity: line 7: parser error : Premature end of data in tag xml line 1 D:\wamp\www\helloworld\web\Home\Controller\UserController.class.php 第 45 行.
NOTIC: [2] simplexml_load_string(): &lt;/xml&gt; D:\wamp\www\helloworld\web\Home\Controller\UserController.class.php 第 45 行.
NOTIC: [2] simplexml_load_string():       ^ D:\wamp\www\helloworld\web\Home\Controller\UserController.class.php 第 45 行.
NOTIC: [8] Trying to get property of non-object D:\wamp\www\helloworld\web\Home\Controller\UserController.class.php 第 46 行.
NOTIC: [8] Trying to get property of non-object D:\wamp\www\helloworld\web\Home\Controller\UserController.class.php 第 47 行.
NOTIC: [8] Trying to get property of non-object D:\wamp\www\helloworld\web\Home\Controller\UserController.class.php 第 48 行.
NOTIC: [8] Trying to get property of non-object D:\wamp\www\helloworld\web\Home\Controller\UserController.class.php 第 50 行.
NOTIC: [8] Trying to get property of non-object D:\wamp\www\helloworld\web\Home\Controller\UserController.class.php 第 54 行.
INFO: [ app_end ] --START--
INFO: Run Behavior\ShowPageTraceBehavior [ RunTime:0.001000s ]
INFO: [ app_end ] --END-- [ RunTime:0.001000s ]

[ 2015-09-17T15:47:14+08:00 ] 127.0.0.1 /helloworld/index.php/Home/User/weixintest
ERR: 2323232323
[ 2015-09-17T15:47:14+08:00 ] 127.0.0.1 /helloworld/index.php/Home/User/weixintest
INFO: [ app_init ] --START--
INFO: Run Behavior\BuildLiteBehavior [ RunTime:0.000000s ]
INFO: [ app_init ] --END-- [ RunTime:0.001000s ]
INFO: [ app_begin ] --START--
INFO: Run Behavior\ReadHtmlCacheBehavior [ RunTime:0.001000s ]
INFO: [ app_begin ] --END-- [ RunTime:0.001000s ]
NOTIC: [2] simplexml_load_string(): Entity: line 7: parser error : CData section not finished
123]&gt;&lt;/Content&gt;
&lt;MsgId&gt;6195327184654823141&lt;/MsgId&gt; D:\wamp\www\helloworld\web\Home\Controller\UserController.class.php 第 45 行.
NOTIC: [2] simplexml_load_string(): &lt;/xml&gt; D:\wamp\www\helloworld\web\Home\Controller\UserController.class.php 第 45 行.
NOTIC: [2] simplexml_load_string():       ^ D:\wamp\www\helloworld\web\Home\Controller\UserController.class.php 第 45 行.
NOTIC: [2] simplexml_load_string(): Entity: line 7: parser error : Premature end of data in tag Content line 5 D:\wamp\www\helloworld\web\Home\Controller\UserController.class.php 第 45 行.
NOTIC: [2] simplexml_load_string(): &lt;/xml&gt; D:\wamp\www\helloworld\web\Home\Controller\UserController.class.php 第 45 行.
NOTIC: [2] simplexml_load_string():       ^ D:\wamp\www\helloworld\web\Home\Controller\UserController.class.php 第 45 行.
NOTIC: [2] simplexml_load_string(): Entity: line 7: parser error : Premature end of data in tag xml line 1 D:\wamp\www\helloworld\web\Home\Controller\UserController.class.php 第 45 行.
NOTIC: [2] simplexml_load_string(): &lt;/xml&gt; D:\wamp\www\helloworld\web\Home\Controller\UserController.class.php 第 45 行.
NOTIC: [2] simplexml_load_string():       ^ D:\wamp\www\helloworld\web\Home\Controller\UserController.class.php 第 45 行.
NOTIC: [8] Trying to get property of non-object D:\wamp\www\helloworld\web\Home\Controller\UserController.class.php 第 46 行.
NOTIC: [8] Trying to get property of non-object D:\wamp\www\helloworld\web\Home\Controller\UserController.class.php 第 47 行.
NOTIC: [8] Trying to get property of non-object D:\wamp\www\helloworld\web\Home\Controller\UserController.class.php 第 48 行.
NOTIC: [8] Trying to get property of non-object D:\wamp\www\helloworld\web\Home\Controller\UserController.class.php 第 50 行.
NOTIC: [8] Trying to get property of non-object D:\wamp\www\helloworld\web\Home\Controller\UserController.class.php 第 54 行.
INFO: [ app_end ] --START--
INFO: Run Behavior\ShowPageTraceBehavior [ RunTime:0.001000s ]
INFO: [ app_end ] --END-- [ RunTime:0.001000s ]

[ 2015-09-17T15:47:56+08:00 ] 127.0.0.1 /helloworld/index.php/Home/User/weixintest
ERR: <item>
		    			<Title><![CDATA[[苹果产品信息查询]]></Title>
		    			<Description><![CDATA[序列号：USE IMEI NUMBER
            				IMEI号：358031058974471
            				设备名称：iPhone 5C
            				设备颜色：
            				设备容量：
            				激活状态：已激活
            				电话支持：未过期[2014-01-13]
            				硬件保修：未过期[2014-10-14]
            				生产工厂：中国]]></Description>
		    			<PicUrl><![CDATA[http://www.doucube.com/weixin/weather/icon/banner.jpg]]></PicUrl>
		    			<Url><![CDATA[]]></Url>
	    			</item>
[ 2015-09-17T15:47:56+08:00 ] 127.0.0.1 /helloworld/index.php/Home/User/weixintest
ERR: <xml>
    					<ToUserName><![CDATA[%s]]></ToUserName>
    					<FromUserName><![CDATA[%s]]></FromUserName>
    					<CreateTime>%s</CreateTime>
    					<MsgType><![CDATA[news]]></MsgType>
    					<Content><![CDATA[]]></Content>
    					<ArticleCount>%s</ArticleCount>
    					<Articles>%s</Articles>
    					<FuncFlag>0</FuncFlag>
    				</xml>
[ 2015-09-17T15:47:56+08:00 ] 127.0.0.1 /helloworld/index.php/Home/User/weixintest
INFO: [ app_init ] --START--
INFO: Run Behavior\BuildLiteBehavior [ RunTime:0.000000s ]
INFO: [ app_init ] --END-- [ RunTime:0.001000s ]
INFO: [ app_begin ] --START--
INFO: Run Behavior\ReadHtmlCacheBehavior [ RunTime:0.000000s ]
INFO: [ app_begin ] --END-- [ RunTime:0.001000s ]
NOTIC: [2] simplexml_load_string(): Entity: line 7: parser error : CData section not finished
123]&gt;&lt;/Content&gt;
&lt;MsgId&gt;6195327184654823141&lt;/MsgId&gt; D:\wamp\www\helloworld\web\Home\Controller\UserController.class.php 第 45 行.
NOTIC: [2] simplexml_load_string(): &lt;/xml&gt; D:\wamp\www\helloworld\web\Home\Controller\UserController.class.php 第 45 行.
NOTIC: [2] simplexml_load_string():       ^ D:\wamp\www\helloworld\web\Home\Controller\UserController.class.php 第 45 行.
NOTIC: [2] simplexml_load_string(): Entity: line 7: parser error : Premature end of data in tag Content line 5 D:\wamp\www\helloworld\web\Home\Controller\UserController.class.php 第 45 行.
NOTIC: [2] simplexml_load_string(): &lt;/xml&gt; D:\wamp\www\helloworld\web\Home\Controller\UserController.class.php 第 45 行.
NOTIC: [2] simplexml_load_string():       ^ D:\wamp\www\helloworld\web\Home\Controller\UserController.class.php 第 45 行.
NOTIC: [2] simplexml_load_string(): Entity: line 7: parser error : Premature end of data in tag xml line 1 D:\wamp\www\helloworld\web\Home\Controller\UserController.class.php 第 45 行.
NOTIC: [2] simplexml_load_string(): &lt;/xml&gt; D:\wamp\www\helloworld\web\Home\Controller\UserController.class.php 第 45 行.
NOTIC: [2] simplexml_load_string():       ^ D:\wamp\www\helloworld\web\Home\Controller\UserController.class.php 第 45 行.
NOTIC: [8] Trying to get property of non-object D:\wamp\www\helloworld\web\Home\Controller\UserController.class.php 第 46 行.
NOTIC: [8] Trying to get property of non-object D:\wamp\www\helloworld\web\Home\Controller\UserController.class.php 第 47 行.
NOTIC: [8] Trying to get property of non-object D:\wamp\www\helloworld\web\Home\Controller\UserController.class.php 第 48 行.
NOTIC: [8] Trying to get property of non-object D:\wamp\www\helloworld\web\Home\Controller\UserController.class.php 第 50 行.
NOTIC: [2] strncasecmp() expects exactly 3 parameters, 2 given D:\wamp\www\helloworld\web\Home\Controller\UserController.class.php 第 51 行.
INFO: [ app_end ] --START--
INFO: Run Behavior\ShowPageTraceBehavior [ RunTime:0.001000s ]
INFO: [ app_end ] --END-- [ RunTime:0.002001s ]

[ 2015-09-17T15:50:47+08:00 ] 127.0.0.1 /helloworld/index.php/Home/User/weixintest
ERR: <item>
		    			<Title><![CDATA[[苹果产品信息查询]]></Title>
		    			<Description><![CDATA[序列号：USE IMEI NUMBER
            				IMEI号：358031058974471
            				设备名称：iPhone 5C
            				设备颜色：
            				设备容量：
            				激活状态：已激活
            				电话支持：未过期[2014-01-13]
            				硬件保修：未过期[2014-10-14]
            				生产工厂：中国]]></Description>
		    			<PicUrl><![CDATA[http://www.doucube.com/weixin/weather/icon/banner.jpg]]></PicUrl>
		    			<Url><![CDATA[]]></Url>
	    			</item>
[ 2015-09-17T15:50:47+08:00 ] 127.0.0.1 /helloworld/index.php/Home/User/weixintest
ERR: <xml>
    					<ToUserName><![CDATA[%s]]></ToUserName>
    					<FromUserName><![CDATA[%s]]></FromUserName>
    					<CreateTime>%s</CreateTime>
    					<MsgType><![CDATA[news]]></MsgType>
    					<Content><![CDATA[]]></Content>
    					<ArticleCount>%s</ArticleCount>
    					<Articles>%s</Articles>
    					<FuncFlag>0</FuncFlag>
    				</xml>
[ 2015-09-17T15:50:47+08:00 ] 127.0.0.1 /helloworld/index.php/Home/User/weixintest
INFO: [ app_init ] --START--
INFO: Run Behavior\BuildLiteBehavior [ RunTime:0.000000s ]
INFO: [ app_init ] --END-- [ RunTime:0.000000s ]
INFO: [ app_begin ] --START--
INFO: Run Behavior\ReadHtmlCacheBehavior [ RunTime:0.001000s ]
INFO: [ app_begin ] --END-- [ RunTime:0.001000s ]
NOTIC: [2] strncasecmp() expects exactly 3 parameters, 2 given D:\wamp\www\helloworld\web\Home\Controller\UserController.class.php 第 51 行.
INFO: [ app_end ] --START--
INFO: Run Behavior\ShowPageTraceBehavior [ RunTime:0.001000s ]
INFO: [ app_end ] --END-- [ RunTime:0.001000s ]

[ 2015-09-17T15:51:38+08:00 ] 127.0.0.1 /helloworld/index.php/Home/User/weixintest
ERR: <item>
		    			<Title><![CDATA[[苹果产品信息查询]]></Title>
		    			<Description><![CDATA[序列号：USE IMEI NUMBER
            				IMEI号：358031058974471
            				设备名称：iPhone 5C
            				设备颜色：
            				设备容量：
            				激活状态：已激活
            				电话支持：未过期[2014-01-13]
            				硬件保修：未过期[2014-10-14]
            				生产工厂：中国]]></Description>
		    			<PicUrl><![CDATA[http://www.doucube.com/weixin/weather/icon/banner.jpg]]></PicUrl>
		    			<Url><![CDATA[]]></Url>
	    			</item>
[ 2015-09-17T15:51:38+08:00 ] 127.0.0.1 /helloworld/index.php/Home/User/weixintest
ERR: <xml>
    					<ToUserName><![CDATA[%s]]></ToUserName>
    					<FromUserName><![CDATA[%s]]></FromUserName>
    					<CreateTime>%s</CreateTime>
    					<MsgType><![CDATA[news]]></MsgType>
    					<Content><![CDATA[]]></Content>
    					<ArticleCount>%s</ArticleCount>
    					<Articles>%s</Articles>
    					<FuncFlag>0</FuncFlag>
    				</xml>
[ 2015-09-17T15:51:38+08:00 ] 127.0.0.1 /helloworld/index.php/Home/User/weixintest
INFO: [ app_init ] --START--
INFO: Run Behavior\BuildLiteBehavior [ RunTime:0.000000s ]
INFO: [ app_init ] --END-- [ RunTime:0.000000s ]
INFO: [ app_begin ] --START--
INFO: Run Behavior\ReadHtmlCacheBehavior [ RunTime:0.000000s ]
INFO: [ app_begin ] --END-- [ RunTime:0.001000s ]
INFO: [ app_end ] --START--
INFO: Run Behavior\ShowPageTraceBehavior [ RunTime:0.001000s ]
INFO: [ app_end ] --END-- [ RunTime:0.001000s ]

[ 2015-09-17T15:52:24+08:00 ] 127.0.0.1 /helloworld/index.php/Home/User/weixintest
ERR: 
		    
		    
		    
		    
		    
		    
		
[ 2015-09-17T15:52:24+08:00 ] 127.0.0.1 /helloworld/index.php/Home/User/weixintest
ERR: event
[ 2015-09-17T15:52:24+08:00 ] 127.0.0.1 /helloworld/index.php/Home/User/weixintest
ERR: <item>
		    			<Title><![CDATA[[苹果产品信息查询]]></Title>
		    			<Description><![CDATA[序列号：USE IMEI NUMBER
            				IMEI号：358031058974471
            				设备名称：iPhone 5C
            				设备颜色：
            				设备容量：
            				激活状态：已激活
            				电话支持：未过期[2014-01-13]
            				硬件保修：未过期[2014-10-14]
            				生产工厂：中国]]></Description>
		    			<PicUrl><![CDATA[http://www.doucube.com/weixin/weather/icon/banner.jpg]]></PicUrl>
		    			<Url><![CDATA[]]></Url>
	    			</item>
[ 2015-09-17T15:52:24+08:00 ] 127.0.0.1 /helloworld/index.php/Home/User/weixintest
ERR: <xml>
    					<ToUserName><![CDATA[%s]]></ToUserName>
    					<FromUserName><![CDATA[%s]]></FromUserName>
    					<CreateTime>%s</CreateTime>
    					<MsgType><![CDATA[news]]></MsgType>
    					<Content><![CDATA[]]></Content>
    					<ArticleCount>%s</ArticleCount>
    					<Articles>%s</Articles>
    					<FuncFlag>0</FuncFlag>
    				</xml>
[ 2015-09-17T15:52:24+08:00 ] 127.0.0.1 /helloworld/index.php/Home/User/weixintest
INFO: [ app_init ] --START--
INFO: Run Behavior\BuildLiteBehavior [ RunTime:0.000000s ]
INFO: [ app_init ] --END-- [ RunTime:0.000000s ]
INFO: [ app_begin ] --START--
INFO: Run Behavior\ReadHtmlCacheBehavior [ RunTime:0.000000s ]
INFO: [ app_begin ] --END-- [ RunTime:0.000000s ]
INFO: [ app_end ] --START--
INFO: Run Behavior\ShowPageTraceBehavior [ RunTime:0.001000s ]
INFO: [ app_end ] --END-- [ RunTime:0.001000s ]

[ 2015-09-17T15:52:25+08:00 ] 127.0.0.1 /helloworld/index.php/Home/User/weixintest
ERR: 
		    
		    
		    
		    
		    
		    
		
[ 2015-09-17T15:52:25+08:00 ] 127.0.0.1 /helloworld/index.php/Home/User/weixintest
ERR: event
[ 2015-09-17T15:52:25+08:00 ] 127.0.0.1 /helloworld/index.php/Home/User/weixintest
ERR: <item>
		    			<Title><![CDATA[[苹果产品信息查询]]></Title>
		    			<Description><![CDATA[序列号：USE IMEI NUMBER
            				IMEI号：358031058974471
            				设备名称：iPhone 5C
            				设备颜色：
            				设备容量：
            				激活状态：已激活
            				电话支持：未过期[2014-01-13]
            				硬件保修：未过期[2014-10-14]
            				生产工厂：中国]]></Description>
		    			<PicUrl><![CDATA[http://www.doucube.com/weixin/weather/icon/banner.jpg]]></PicUrl>
		    			<Url><![CDATA[]]></Url>
	    			</item>
[ 2015-09-17T15:52:25+08:00 ] 127.0.0.1 /helloworld/index.php/Home/User/weixintest
ERR: <xml>
    					<ToUserName><![CDATA[%s]]></ToUserName>
    					<FromUserName><![CDATA[%s]]></FromUserName>
    					<CreateTime>%s</CreateTime>
    					<MsgType><![CDATA[news]]></MsgType>
    					<Content><![CDATA[]]></Content>
    					<ArticleCount>%s</ArticleCount>
    					<Articles>%s</Articles>
    					<FuncFlag>0</FuncFlag>
    				</xml>
[ 2015-09-17T15:52:25+08:00 ] 127.0.0.1 /helloworld/index.php/Home/User/weixintest
INFO: [ app_init ] --START--
INFO: Run Behavior\BuildLiteBehavior [ RunTime:0.000000s ]
INFO: [ app_init ] --END-- [ RunTime:0.001000s ]
INFO: [ app_begin ] --START--
INFO: Run Behavior\ReadHtmlCacheBehavior [ RunTime:0.001000s ]
INFO: [ app_begin ] --END-- [ RunTime:0.001000s ]
INFO: [ app_end ] --START--
INFO: Run Behavior\ShowPageTraceBehavior [ RunTime:0.001000s ]
INFO: [ app_end ] --END-- [ RunTime:0.001000s ]

[ 2015-09-17T15:53:52+08:00 ] 127.0.0.1 /helloworld/index.php/Home/User/weixintest
ERR: postObj
		    
		    
		    
		    
		    
		    
		
[ 2015-09-17T15:53:52+08:00 ] 127.0.0.1 /helloworld/index.php/Home/User/weixintest
ERR: messageTypeevent
[ 2015-09-17T15:53:52+08:00 ] 127.0.0.1 /helloworld/index.php/Home/User/weixintest
ERR: <item>
		    			<Title><![CDATA[[苹果产品信息查询]]></Title>
		    			<Description><![CDATA[序列号：USE IMEI NUMBER
            				IMEI号：358031058974471
            				设备名称：iPhone 5C
            				设备颜色：
            				设备容量：
            				激活状态：已激活
            				电话支持：未过期[2014-01-13]
            				硬件保修：未过期[2014-10-14]
            				生产工厂：中国]]></Description>
		    			<PicUrl><![CDATA[http://www.doucube.com/weixin/weather/icon/banner.jpg]]></PicUrl>
		    			<Url><![CDATA[]]></Url>
	    			</item>
[ 2015-09-17T15:53:52+08:00 ] 127.0.0.1 /helloworld/index.php/Home/User/weixintest
ERR: <xml>
    					<ToUserName><![CDATA[%s]]></ToUserName>
    					<FromUserName><![CDATA[%s]]></FromUserName>
    					<CreateTime>%s</CreateTime>
    					<MsgType><![CDATA[news]]></MsgType>
    					<Content><![CDATA[]]></Content>
    					<ArticleCount>%s</ArticleCount>
    					<Articles>%s</Articles>
    					<FuncFlag>0</FuncFlag>
    				</xml>
[ 2015-09-17T15:53:52+08:00 ] 127.0.0.1 /helloworld/index.php/Home/User/weixintest
INFO: [ app_init ] --START--
INFO: Run Behavior\BuildLiteBehavior [ RunTime:0.000000s ]
INFO: [ app_init ] --END-- [ RunTime:0.002000s ]
INFO: [ app_begin ] --START--
INFO: Run Behavior\ReadHtmlCacheBehavior [ RunTime:0.001000s ]
INFO: [ app_begin ] --END-- [ RunTime:0.002000s ]
INFO: [ app_end ] --START--
INFO: Run Behavior\ShowPageTraceBehavior [ RunTime:0.000000s ]
INFO: [ app_end ] --END-- [ RunTime:0.001000s ]

[ 2015-09-17T15:55:33+08:00 ] 127.0.0.1 /helloworld/index.php/Home/User/weixintest
ERR: postObj
    
    
    
    
    
    

[ 2015-09-17T15:55:33+08:00 ] 127.0.0.1 /helloworld/index.php/Home/User/weixintest
ERR: messageTypeevent
[ 2015-09-17T15:55:33+08:00 ] 127.0.0.1 /helloworld/index.php/Home/User/weixintest
INFO: [ app_init ] --START--
INFO: Run Behavior\BuildLiteBehavior [ RunTime:0.000000s ]
INFO: [ app_init ] --END-- [ RunTime:0.000000s ]
INFO: [ app_begin ] --START--
INFO: Run Behavior\ReadHtmlCacheBehavior [ RunTime:0.001000s ]
INFO: [ app_begin ] --END-- [ RunTime:0.001000s ]
INFO: [ app_end ] --START--
INFO: Run Behavior\ShowPageTraceBehavior [ RunTime:0.001000s ]
INFO: [ app_end ] --END-- [ RunTime:0.001000s ]

[ 2015-09-17T15:56:12+08:00 ] 127.0.0.1 /helloworld/index.php/Home/User/weixintest
ERR: $postStr&lt;xml&gt;
    &lt;ToUserName&gt;&lt;![CDATA[gh_b629c48b653e]]&gt;&lt;/ToUserName&gt;
    &lt;FromUserName&gt;&lt;![CDATA[ollB4jv7LA3tydjviJp5V9qTU_kA]]&gt;&lt;/FromUserName&gt;
    &lt;CreateTime&gt;1372307736&lt;/CreateTime&gt;
    &lt;MsgType&gt;&lt;![CDATA[event]]&gt;&lt;/MsgType&gt;
    &lt;Event&gt;&lt;![CDATA[subscribe]]&gt;&lt;/Event&gt;
    &lt;EventKey&gt;&lt;![CDATA[]]&gt;&lt;/EventKey&gt;
&lt;/xml&gt;
[ 2015-09-17T15:56:12+08:00 ] 127.0.0.1 /helloworld/index.php/Home/User/weixintest
ERR: $postStr<xml>
    <ToUserName><![CDATA[gh_b629c48b653e]]></ToUserName>
    <FromUserName><![CDATA[ollB4jv7LA3tydjviJp5V9qTU_kA]]></FromUserName>
    <CreateTime>1372307736</CreateTime>
    <MsgType><![CDATA[event]]></MsgType>
    <Event><![CDATA[subscribe]]></Event>
    <EventKey><![CDATA[]]></EventKey>
</xml>
[ 2015-09-17T15:56:12+08:00 ] 127.0.0.1 /helloworld/index.php/Home/User/weixintest
ERR: postObj
    
    
    
    
    
    

[ 2015-09-17T15:56:12+08:00 ] 127.0.0.1 /helloworld/index.php/Home/User/weixintest
ERR: messageTypeevent
[ 2015-09-17T15:56:12+08:00 ] 127.0.0.1 /helloworld/index.php/Home/User/weixintest
INFO: [ app_init ] --START--
INFO: Run Behavior\BuildLiteBehavior [ RunTime:0.000000s ]
INFO: [ app_init ] --END-- [ RunTime:0.001000s ]
INFO: [ app_begin ] --START--
INFO: Run Behavior\ReadHtmlCacheBehavior [ RunTime:0.002000s ]
INFO: [ app_begin ] --END-- [ RunTime:0.002000s ]
INFO: [ app_end ] --START--
INFO: Run Behavior\ShowPageTraceBehavior [ RunTime:0.001000s ]
INFO: [ app_end ] --END-- [ RunTime:0.001000s ]

[ 2015-09-17T15:57:13+08:00 ] 127.0.0.1 /helloworld/index.php/Home/User/weixintest
ERR: postStr<xml>
    <ToUserName><![CDATA[gh_b629c48b653e]]></ToUserName>
    <FromUserName><![CDATA[ollB4jv7LA3tydjviJp5V9qTU_kA]]></FromUserName>
    <CreateTime>1372307736</CreateTime>
    <MsgType><![CDATA[event]]></MsgType>
    <Event><![CDATA[subscribe]]></Event>
    <EventKey><![CDATA[]]></EventKey>
</xml>
[ 2015-09-17T15:57:13+08:00 ] 127.0.0.1 /helloworld/index.php/Home/User/weixintest
ERR: fromUsernameollB4jv7LA3tydjviJp5V9qTU_kA
[ 2015-09-17T15:57:13+08:00 ] 127.0.0.1 /helloworld/index.php/Home/User/weixintest
ERR: postObj
    
    
    
    
    
    

[ 2015-09-17T15:57:13+08:00 ] 127.0.0.1 /helloworld/index.php/Home/User/weixintest
ERR: messageTypeevent
[ 2015-09-17T15:57:13+08:00 ] 127.0.0.1 /helloworld/index.php/Home/User/weixintest
INFO: [ app_init ] --START--
INFO: Run Behavior\BuildLiteBehavior [ RunTime:0.001000s ]
INFO: [ app_init ] --END-- [ RunTime:0.001000s ]
INFO: [ app_begin ] --START--
INFO: Run Behavior\ReadHtmlCacheBehavior [ RunTime:0.001000s ]
INFO: [ app_begin ] --END-- [ RunTime:0.004000s ]
INFO: [ app_end ] --START--
INFO: Run Behavior\ShowPageTraceBehavior [ RunTime:0.001000s ]
INFO: [ app_end ] --END-- [ RunTime:0.002000s ]

[ 2015-09-17T15:57:58+08:00 ] 127.0.0.1 /helloworld/index.php/Home/User/weixintest
ERR: postStr<xml>
    <ToUserName><![CDATA[gh_b629c48b653e]]></ToUserName>
    <FromUserName><![CDATA[ollB4jv7LA3tydjviJp5V9qTU_kA]]></FromUserName>
    <CreateTime>1372307736</CreateTime>
    <MsgType><![CDATA[event]]></MsgType>
    <Event><![CDATA[subscribe]]></Event>
    <EventKey><![CDATA[]]></EventKey>
</xml>
[ 2015-09-17T15:57:58+08:00 ] 127.0.0.1 /helloworld/index.php/Home/User/weixintest
ERR: messageTypeevent
[ 2015-09-17T15:57:58+08:00 ] 127.0.0.1 /helloworld/index.php/Home/User/weixintest
INFO: [ app_init ] --START--
INFO: Run Behavior\BuildLiteBehavior [ RunTime:0.000000s ]
INFO: [ app_init ] --END-- [ RunTime:0.001000s ]
INFO: [ app_begin ] --START--
INFO: Run Behavior\ReadHtmlCacheBehavior [ RunTime:0.001000s ]
INFO: [ app_begin ] --END-- [ RunTime:0.001000s ]
INFO: [ app_end ] --START--
INFO: Run Behavior\ShowPageTraceBehavior [ RunTime:0.001000s ]
INFO: [ app_end ] --END-- [ RunTime:0.001000s ]

[ 2015-09-17T15:58:30+08:00 ] 127.0.0.1 /helloworld/index.php/Home/User/weixintest
ERR: postStr<xml>
    <ToUserName><![CDATA[gh_b629c48b653e]]></ToUserName>
    <FromUserName><![CDATA[ollB4jv7LA3tydjviJp5V9qTU_kA]]></FromUserName>
    <CreateTime>1372307736</CreateTime>
    <MsgType><![CDATA[event]]></MsgType>
    <Event><![CDATA[subscribe]]></Event>
    <EventKey><![CDATA[]]></EventKey>
</xml>
[ 2015-09-17T15:58:30+08:00 ] 127.0.0.1 /helloworld/index.php/Home/User/weixintest
ERR: messageTypeevent
[ 2015-09-17T15:58:30+08:00 ] 127.0.0.1 /helloworld/index.php/Home/User/weixintest
ERR: event
[ 2015-09-17T15:58:30+08:00 ] 127.0.0.1 /helloworld/index.php/Home/User/weixintest
INFO: [ app_init ] --START--
INFO: Run Behavior\BuildLiteBehavior [ RunTime:0.000000s ]
INFO: [ app_init ] --END-- [ RunTime:0.000000s ]
INFO: [ app_begin ] --START--
INFO: Run Behavior\ReadHtmlCacheBehavior [ RunTime:0.001000s ]
INFO: [ app_begin ] --END-- [ RunTime:0.001000s ]
INFO: [ app_end ] --START--
INFO: Run Behavior\ShowPageTraceBehavior [ RunTime:0.001000s ]
INFO: [ app_end ] --END-- [ RunTime:0.001000s ]

[ 2015-09-17T15:58:50+08:00 ] 127.0.0.1 /helloworld/index.php/Home/User/weixintest
ERR: postStr<xml>
    <ToUserName><![CDATA[gh_b629c48b653e]]></ToUserName>
    <FromUserName><![CDATA[ollB4jv7LA3tydjviJp5V9qTU_kA]]></FromUserName>
    <CreateTime>1372307736</CreateTime>
    <MsgType><![CDATA[event]]></MsgType>
    <Event><![CDATA[subscribe]]></Event>
    <EventKey><![CDATA[]]></EventKey>
</xml>
[ 2015-09-17T15:58:50+08:00 ] 127.0.0.1 /helloworld/index.php/Home/User/weixintest
ERR: messageTypeevent
[ 2015-09-17T15:58:50+08:00 ] 127.0.0.1 /helloworld/index.php/Home/User/weixintest
INFO: [ app_init ] --START--
INFO: Run Behavior\BuildLiteBehavior [ RunTime:0.000000s ]
INFO: [ app_init ] --END-- [ RunTime:0.000999s ]
INFO: [ app_begin ] --START--
INFO: Run Behavior\ReadHtmlCacheBehavior [ RunTime:0.001000s ]
INFO: [ app_begin ] --END-- [ RunTime:0.001000s ]
INFO: [ app_end ] --START--
INFO: Run Behavior\ShowPageTraceBehavior [ RunTime:0.000000s ]
INFO: [ app_end ] --END-- [ RunTime:0.001000s ]

[ 2015-09-17T16:00:36+08:00 ] 127.0.0.1 /helloworld/index.php/Home/User/weixintest
ERR: postStr<xml>
    <ToUserName><![CDATA[gh_b629c48b653e]]></ToUserName>
    <FromUserName><![CDATA[ollB4jv7LA3tydjviJp5V9qTU_kA]]></FromUserName>
    <CreateTime>1372307736</CreateTime>
    <MsgType><![CDATA[event]]></MsgType>
    <Event><![CDATA[subscribe]]></Event>
    <EventKey><![CDATA[]]></EventKey>
</xml>
[ 2015-09-17T16:00:36+08:00 ] 127.0.0.1 /helloworld/index.php/Home/User/weixintest
ERR: messageTypeevent
[ 2015-09-17T16:00:36+08:00 ] 127.0.0.1 /helloworld/index.php/Home/User/weixintest
INFO: [ app_init ] --START--
INFO: Run Behavior\BuildLiteBehavior [ RunTime:0.000000s ]
INFO: [ app_init ] --END-- [ RunTime:0.001000s ]
INFO: [ app_begin ] --START--
INFO: Run Behavior\ReadHtmlCacheBehavior [ RunTime:0.001000s ]
INFO: [ app_begin ] --END-- [ RunTime:0.001000s ]
INFO: [ app_end ] --START--
INFO: Run Behavior\ShowPageTraceBehavior [ RunTime:0.000999s ]
INFO: [ app_end ] --END-- [ RunTime:0.000999s ]

[ 2015-09-17T16:22:26+08:00 ] 127.0.0.1 /helloworld/index.php/Home/Weixin/weixin
ERR: postStr<xml>
    <ToUserName><![CDATA[gh_b629c48b653e]]></ToUserName>
    <FromUserName><![CDATA[ollB4jv7LA3tydjviJp5V9qTU_kA]]></FromUserName>
    <CreateTime>1372307736</CreateTime>
    <MsgType><![CDATA[event]]></MsgType>
    <Event><![CDATA[subscribe]]></Event>
    <EventKey><![CDATA[]]></EventKey>
</xml>
[ 2015-09-17T16:22:26+08:00 ] 127.0.0.1 /helloworld/index.php/Home/Weixin/weixin
ERR: messageTypeevent
[ 2015-09-17T16:22:26+08:00 ] 127.0.0.1 /helloworld/index.php/Home/Weixin/weixin
ERR: event
[ 2015-09-17T16:22:26+08:00 ] 127.0.0.1 /helloworld/index.php/Home/Weixin/weixin
INFO: [ app_init ] --START--
INFO: Run Behavior\BuildLiteBehavior [ RunTime:0.000000s ]
INFO: [ app_init ] --END-- [ RunTime:0.001000s ]
INFO: [ app_begin ] --START--
INFO: Run Behavior\ReadHtmlCacheBehavior [ RunTime:0.001000s ]
INFO: [ app_begin ] --END-- [ RunTime:0.001000s ]
INFO: [ app_end ] --START--
INFO: Run Behavior\ShowPageTraceBehavior [ RunTime:0.002000s ]
INFO: [ app_end ] --END-- [ RunTime:0.002000s ]

[ 2015-09-17T16:23:20+08:00 ] 127.0.0.1 /helloworld/index.php/Home/User
INFO: [ app_init ] --START--
INFO: Run Behavior\BuildLiteBehavior [ RunTime:0.000000s ]
INFO: [ app_init ] --END-- [ RunTime:0.001000s ]
INFO: [ app_begin ] --START--
INFO: Run Behavior\ReadHtmlCacheBehavior [ RunTime:0.000000s ]
INFO: [ app_begin ] --END-- [ RunTime:0.001000s ]
INFO: [ view_parse ] --START--
INFO: Run Behavior\ParseTemplateBehavior [ RunTime:0.010001s ]
INFO: [ view_parse ] --END-- [ RunTime:0.010001s ]
INFO: [ view_filter ] --START--
INFO: Run Behavior\WriteHtmlCacheBehavior [ RunTime:0.009001s ]
INFO: [ view_filter ] --END-- [ RunTime:0.009001s ]
INFO: [ app_end ] --START--
INFO: Run Behavior\ShowPageTraceBehavior [ RunTime:0.001000s ]
INFO: [ app_end ] --END-- [ RunTime:0.001000s ]

[ 2015-09-17T16:28:00+08:00 ] 127.0.0.1 /helloworld/index.php/Home/User/weixin
INFO: [ app_init ] --START--
INFO: Run Behavior\BuildLiteBehavior [ RunTime:0.000000s ]
INFO: [ app_init ] --END-- [ RunTime:0.001000s ]
INFO: [ app_begin ] --START--
INFO: Run Behavior\ReadHtmlCacheBehavior [ RunTime:0.001000s ]
INFO: [ app_begin ] --END-- [ RunTime:0.002000s ]

[ 2015-09-17T16:32:23+08:00 ] 127.0.0.1 /helloworld/index.php/Home/User/weixin
INFO: [ app_init ] --START--
INFO: Run Behavior\BuildLiteBehavior [ RunTime:0.000000s ]
INFO: [ app_init ] --END-- [ RunTime:0.000000s ]
INFO: [ app_begin ] --START--
INFO: Run Behavior\ReadHtmlCacheBehavior [ RunTime:0.001000s ]
INFO: [ app_begin ] --END-- [ RunTime:0.001000s ]

[ 2015-09-17T16:35:30+08:00 ] 127.0.0.1 /helloworld/index.php/Home/User/weixin
INFO: [ app_init ] --START--
INFO: Run Behavior\BuildLiteBehavior [ RunTime:0.000000s ]
INFO: [ app_init ] --END-- [ RunTime:0.001000s ]
INFO: [ app_begin ] --START--
INFO: Run Behavior\ReadHtmlCacheBehavior [ RunTime:0.001000s ]
INFO: [ app_begin ] --END-- [ RunTime:0.001000s ]

[ 2015-09-17T16:40:32+08:00 ] 127.0.0.1 /helloworld/index.php/Home/User/weixin
INFO: [ app_init ] --START--
INFO: Run Behavior\BuildLiteBehavior [ RunTime:0.000000s ]
INFO: [ app_init ] --END-- [ RunTime:0.001000s ]
INFO: [ app_begin ] --START--
INFO: Run Behavior\ReadHtmlCacheBehavior [ RunTime:0.001000s ]
INFO: [ app_begin ] --END-- [ RunTime:0.001000s ]

[ 2015-09-17T16:40:51+08:00 ] 127.0.0.1 /helloworld/index.php/Home/User/index
INFO: [ app_init ] --START--
INFO: Run Behavior\BuildLiteBehavior [ RunTime:0.000000s ]
INFO: [ app_init ] --END-- [ RunTime:0.002001s ]
INFO: [ app_begin ] --START--
INFO: Run Behavior\ReadHtmlCacheBehavior [ RunTime:0.002000s ]
INFO: [ app_begin ] --END-- [ RunTime:0.002000s ]
INFO: [ view_parse ] --START--
INFO: Run Behavior\ParseTemplateBehavior [ RunTime:0.000000s ]
INFO: [ view_parse ] --END-- [ RunTime:0.001000s ]
INFO: [ view_filter ] --START--
INFO: Run Behavior\WriteHtmlCacheBehavior [ RunTime:0.001000s ]
INFO: [ view_filter ] --END-- [ RunTime:0.001000s ]
INFO: [ app_end ] --START--
INFO: Run Behavior\ShowPageTraceBehavior [ RunTime:0.001000s ]
INFO: [ app_end ] --END-- [ RunTime:0.001000s ]

[ 2015-09-17T16:40:51+08:00 ] 127.0.0.1 /helloworld/index.php/Home/User/index
INFO: [ app_init ] --START--
INFO: Run Behavior\BuildLiteBehavior [ RunTime:0.000000s ]
INFO: [ app_init ] --END-- [ RunTime:0.000000s ]
INFO: [ app_begin ] --START--
INFO: Run Behavior\ReadHtmlCacheBehavior [ RunTime:0.001000s ]
INFO: [ app_begin ] --END-- [ RunTime:0.001000s ]
INFO: [ view_parse ] --START--
INFO: Run Behavior\ParseTemplateBehavior [ RunTime:0.000000s ]
INFO: [ view_parse ] --END-- [ RunTime:0.000000s ]
INFO: [ view_filter ] --START--
INFO: Run Behavior\WriteHtmlCacheBehavior [ RunTime:0.001000s ]
INFO: [ view_filter ] --END-- [ RunTime:0.001000s ]
INFO: [ app_end ] --START--
INFO: Run Behavior\ShowPageTraceBehavior [ RunTime:0.000000s ]
INFO: [ app_end ] --END-- [ RunTime:0.000000s ]

[ 2015-09-17T16:41:48+08:00 ] 127.0.0.1 /helloworld/index.php/Home/User/index
INFO: [ app_init ] --START--
INFO: Run Behavior\BuildLiteBehavior [ RunTime:0.000000s ]
INFO: [ app_init ] --END-- [ RunTime:0.001000s ]
INFO: [ app_begin ] --START--
INFO: Run Behavior\ReadHtmlCacheBehavior [ RunTime:0.001000s ]
INFO: [ app_begin ] --END-- [ RunTime:0.001000s ]
INFO: [ view_parse ] --START--
INFO: Run Behavior\ParseTemplateBehavior [ RunTime:0.000000s ]
INFO: [ view_parse ] --END-- [ RunTime:0.000000s ]
INFO: [ view_filter ] --START--
INFO: Run Behavior\WriteHtmlCacheBehavior [ RunTime:0.000000s ]
INFO: [ view_filter ] --END-- [ RunTime:0.001000s ]
INFO: [ app_end ] --START--
INFO: Run Behavior\ShowPageTraceBehavior [ RunTime:0.001000s ]
INFO: [ app_end ] --END-- [ RunTime:0.001000s ]

[ 2015-09-17T16:41:54+08:00 ] 127.0.0.1 /helloworld/index.php/Home/User/weixin
INFO: [ app_init ] --START--
INFO: Run Behavior\BuildLiteBehavior [ RunTime:0.000000s ]
INFO: [ app_init ] --END-- [ RunTime:0.001000s ]
INFO: [ app_begin ] --START--
INFO: Run Behavior\ReadHtmlCacheBehavior [ RunTime:0.000000s ]
INFO: [ app_begin ] --END-- [ RunTime:0.001000s ]

[ 2015-09-17T16:41:54+08:00 ] 127.0.0.1 /helloworld/index.php/Home/User/weixin
INFO: [ app_init ] --START--
INFO: Run Behavior\BuildLiteBehavior [ RunTime:0.000000s ]
INFO: [ app_init ] --END-- [ RunTime:0.000000s ]
INFO: [ app_begin ] --START--
INFO: Run Behavior\ReadHtmlCacheBehavior [ RunTime:0.000000s ]
INFO: [ app_begin ] --END-- [ RunTime:0.000000s ]

